<?xml version="1.0" encoding="UTF-8" ?>
<testsuite failures="0" time="0.328" errors="0" skipped="1" tests="1" name="com.emc.AppTests">
  <properties>
[...]
</properties>
  <testcase time="0.328" classname="com.emc.AppTests" name="simple">
    <skipped message="Not Ready to Run"/>
    <system-out>05:15:00.351 [main] DEBUG o.s.t.c.j.SpringJUnit4ClassRunner - SpringJUnit4ClassRunner constructor called with [class com.emc.AppTests].
05:15:00.445 [main] DEBUG o.s.t.c.s.AbstractDelegatingSmartContextLoader - Delegating to GenericXmlWebContextLoader to process context configuration [ContextConfigurationAttributes@1e1ccfec declaringClass = &apos;com.emc.AppTests&apos;, classes = &apos;{}&apos;, locations = &apos;{file:src/main/webapp/WEB-INF/mvc-dispatcher-servlet.xml}&apos;, inheritLocations = true, initializers = &apos;{}&apos;, inheritInitializers = true, name = [null], contextLoaderClass = &apos;org.springframework.test.context.ContextLoader&apos;].
05:15:00.445 [main] DEBUG o.s.test.context.ContextLoaderUtils - Could not find an &apos;annotation declaring class&apos; for annotation type [org.springframework.test.context.ActiveProfiles] and class [com.emc.AppTests]
05:15:00.445 [main] DEBUG o.s.test.context.TestContextManager - @TestExecutionListeners is not present for class [com.emc.AppTests]: using defaults.
05:15:00.461 [main] DEBUG o.s.t.annotation.ProfileValueUtils - Retrieved @ProfileValueSourceConfiguration [null] for test class [com.emc.AppTests]
05:15:00.461 [main] DEBUG o.s.t.annotation.ProfileValueUtils - Retrieved ProfileValueSource type [class org.springframework.test.annotation.SystemProfileValueSource] for class [com.emc.AppTests]
05:15:00.461 [main] DEBUG o.s.t.annotation.ProfileValueUtils - Retrieved @ProfileValueSourceConfiguration [null] for test class [com.emc.AppTests]
05:15:00.461 [main] DEBUG o.s.t.annotation.ProfileValueUtils - Retrieved ProfileValueSource type [class org.springframework.test.annotation.SystemProfileValueSource] for class [com.emc.AppTests]
</system-out>
  </testcase>
</testsuite>